<?xml version="1.0" encoding="UTF-8" ?>
<testsuite tests="6" failures="6" name="uk.ac.cam.cl.hh497.syncframe.SynchroniserTest" time="0.04" errors="0" skipped="0">
  <properties>
    <property name="java.runtime.name" value="OpenJDK Runtime Environment"/>
    <property name="java.vm.version" value="11.0.14+9-Ubuntu-0ubuntu2.18.04"/>
    <property name="sun.boot.library.path" value="/usr/lib/jvm/java-11-openjdk-amd64/lib"/>
    <property name="maven.multiModuleProjectDirectory" value="/home/icerus/NetBeansProjects/StaticAnalysis"/>
    <property name="java.vm.vendor" value="Ubuntu"/>
    <property name="java.vendor.url" value="https://ubuntu.com/"/>
    <property name="guice.disable.misplaced.annotation.check" value="true"/>
    <property name="path.separator" value=":"/>
    <property name="java.vm.name" value="OpenJDK 64-Bit Server VM"/>
    <property name="sun.os.patch.level" value="unknown"/>
    <property name="user.country" value="GB"/>
    <property name="sun.java.launcher" value="SUN_STANDARD"/>
    <property name="test" value="uk.ac.cam.cl.hh497.syncframe.SynchroniserTest"/>
    <property name="java.vm.specification.name" value="Java Virtual Machine Specification"/>
    <property name="user.dir" value="/home/icerus/NetBeansProjects/StaticAnalysis"/>
    <property name="java.vm.compressedOopsMode" value="32-bit"/>
    <property name="java.runtime.version" value="11.0.14+9-Ubuntu-0ubuntu2.18.04"/>
    <property name="java.awt.graphicsenv" value="sun.awt.X11GraphicsEnvironment"/>
    <property name="os.arch" value="amd64"/>
    <property name="java.io.tmpdir" value="/tmp"/>
    <property name="line.separator" value="
"/>
    <property name="java.vm.specification.vendor" value="Oracle Corporation"/>
    <property name="os.name" value="Linux"/>
    <property name="maven.ext.class.path" value="/usr/local/netbeans-11.1/netbeans/java/maven-nblib/netbeans-eventspy.jar"/>
    <property name="classworlds.conf" value="/usr/local/netbeans-11.1/netbeans/java/maven/bin/m2.conf"/>
    <property name="sun.jnu.encoding" value="UTF-8"/>
    <property name="java.library.path" value="/usr/java/packages/lib:/usr/lib/x86_64-linux-gnu/jni:/lib/x86_64-linux-gnu:/usr/lib/x86_64-linux-gnu:/usr/lib/jni:/lib:/usr/lib"/>
    <property name="jdk.debug" value="release"/>
    <property name="java.class.version" value="55.0"/>
    <property name="java.specification.name" value="Java Platform API Specification"/>
    <property name="sun.management.compiler" value="HotSpot 64-Bit Tiered Compilers"/>
    <property name="os.version" value="5.5.11-050511-generic"/>
    <property name="user.home" value="/home/icerus"/>
    <property name="user.timezone" value="Europe/London"/>
    <property name="java.awt.printerjob" value="sun.print.PSPrinterJob"/>
    <property name="file.encoding" value="UTF-8"/>
    <property name="java.specification.version" value="11"/>
    <property name="user.name" value="icerus"/>
    <property name="java.class.path" value="/usr/local/netbeans-11.1/netbeans/java/maven/boot/plexus-classworlds-2.5.2.jar"/>
    <property name="java.vm.specification.version" value="11"/>
    <property name="sun.arch.data.model" value="64"/>
    <property name="sun.java.command" value="org.codehaus.plexus.classworlds.launcher.Launcher -Dtest=uk.ac.cam.cl.hh497.syncframe.SynchroniserTest -Dmaven.ext.class.path=/usr/local/netbeans-11.1/netbeans/java/maven-nblib/netbeans-eventspy.jar surefire:test"/>
    <property name="java.home" value="/usr/lib/jvm/java-11-openjdk-amd64"/>
    <property name="user.language" value="en"/>
    <property name="java.specification.vendor" value="Oracle Corporation"/>
    <property name="awt.toolkit" value="sun.awt.X11.XToolkit"/>
    <property name="java.vm.info" value="mixed mode, sharing"/>
    <property name="java.version" value="11.0.14"/>
    <property name="securerandom.source" value="file:/dev/./urandom"/>
    <property name="java.vendor" value="Ubuntu"/>
    <property name="maven.home" value="/usr/local/netbeans-11.1/netbeans/java/maven"/>
    <property name="file.separator" value="/"/>
    <property name="java.version.date" value="2022-01-18"/>
    <property name="java.vendor.url.bug" value="https://bugs.launchpad.net/ubuntu/+source/openjdk-lts"/>
    <property name="sun.io.unicode.encoding" value="UnicodeLittle"/>
    <property name="sun.cpu.endian" value="little"/>
    <property name="sun.desktop" value="gnome"/>
    <property name="sun.cpu.isalist" value=""/>
  </properties>
  <testcase classname="uk.ac.cam.cl.hh497.syncframe.SynchroniserTest" name="uk.ac.cam.cl.hh497.syncframe.SynchroniserTest.testListSyncMechs" time="0.039">
    <failure message="expected: &lt;null&gt; but was: &lt;[]&gt;" type="org.opentest4j.AssertionFailedError">org.opentest4j.AssertionFailedError: expected: &lt;null&gt; but was: &lt;[]&gt;
	at org.junit.jupiter.api.AssertionUtils.fail(AssertionUtils.java:54)
	at org.junit.jupiter.api.AssertEquals.failNotEqual(AssertEquals.java:195)
	at org.junit.jupiter.api.AssertEquals.assertEquals(AssertEquals.java:184)
	at org.junit.jupiter.api.AssertEquals.assertEquals(AssertEquals.java:179)
	at org.junit.jupiter.api.Assertions.assertEquals(Assertions.java:508)
	at uk.ac.cam.cl.hh497.syncframe.SynchroniserTest.testListSyncMechs(SynchroniserTest.java:102)
</failure>
    <system-out>ListSyncMechs
</system-out>
  </testcase>
  <testcase classname="uk.ac.cam.cl.hh497.syncframe.SynchroniserTest" name="uk.ac.cam.cl.hh497.syncframe.SynchroniserTest.testRegisterNewSyncMech" time="0.001">
    <failure message="The test case is a prototype." type="org.opentest4j.AssertionFailedError">org.opentest4j.AssertionFailedError: The test case is a prototype.
	at org.junit.jupiter.api.AssertionUtils.fail(AssertionUtils.java:38)
	at org.junit.jupiter.api.Assertions.fail(Assertions.java:84)
	at uk.ac.cam.cl.hh497.syncframe.SynchroniserTest.testRegisterNewSyncMech(SynchroniserTest.java:91)
</failure>
    <system-out>RegisterNewSyncMech
</system-out>
  </testcase>
  <testcase classname="uk.ac.cam.cl.hh497.syncframe.SynchroniserTest" name="uk.ac.cam.cl.hh497.syncframe.SynchroniserTest.testInitialise" time="0">
    <failure message="expected: &lt;false&gt; but was: &lt;true&gt;" type="org.opentest4j.AssertionFailedError">org.opentest4j.AssertionFailedError: expected: &lt;false&gt; but was: &lt;true&gt;
	at org.junit.jupiter.api.AssertionUtils.fail(AssertionUtils.java:54)
	at org.junit.jupiter.api.AssertEquals.failNotEqual(AssertEquals.java:195)
	at org.junit.jupiter.api.AssertEquals.assertEquals(AssertEquals.java:184)
	at org.junit.jupiter.api.AssertEquals.assertEquals(AssertEquals.java:179)
	at org.junit.jupiter.api.Assertions.assertEquals(Assertions.java:508)
	at uk.ac.cam.cl.hh497.syncframe.SynchroniserTest.testInitialise(SynchroniserTest.java:117)
</failure>
    <system-out>Initialise
</system-out>
  </testcase>
  <testcase classname="uk.ac.cam.cl.hh497.syncframe.SynchroniserTest" name="uk.ac.cam.cl.hh497.syncframe.SynchroniserTest.testWrite" time="0">
    <failure type="java.lang.NullPointerException">java.lang.NullPointerException
	at uk.ac.cam.cl.hh497.syncframe.Synchroniser.Write(Synchroniser.java:56)
	at uk.ac.cam.cl.hh497.syncframe.SynchroniserTest.testWrite(SynchroniserTest.java:131)
</failure>
    <system-out>Write
</system-out>
  </testcase>
  <testcase classname="uk.ac.cam.cl.hh497.syncframe.SynchroniserTest" name="uk.ac.cam.cl.hh497.syncframe.SynchroniserTest.testRead" time="0">
    <failure type="java.lang.NullPointerException">java.lang.NullPointerException
	at uk.ac.cam.cl.hh497.syncframe.Synchroniser.Read(Synchroniser.java:60)
	at uk.ac.cam.cl.hh497.syncframe.SynchroniserTest.testRead(SynchroniserTest.java:145)
</failure>
    <system-out>Read
</system-out>
  </testcase>
  <testcase classname="uk.ac.cam.cl.hh497.syncframe.SynchroniserTest" name="uk.ac.cam.cl.hh497.syncframe.SynchroniserTest.testDeSync" time="0">
    <failure type="java.lang.NullPointerException">java.lang.NullPointerException
	at uk.ac.cam.cl.hh497.syncframe.Synchroniser.DeSync(Synchroniser.java:64)
	at uk.ac.cam.cl.hh497.syncframe.SynchroniserTest.testDeSync(SynchroniserTest.java:159)
</failure>
    <system-out>DeSync
</system-out>
  </testcase>
</testsuite>